2016-06-15T01:28:11+00:00 ERR (3): Warning: Invalid argument supplied for foreach()  in /media/anonymous/My Passport/Magento Extensions/M1-protocol-gateway/app/design/frontend/base/default/template/mp_gateway/form/deposit.phtml on line 96
2016-06-15T01:29:17+00:00 ERR (3): Warning: Invalid argument supplied for foreach()  in /media/anonymous/My Passport/Magento Extensions/M1-protocol-gateway/app/design/frontend/base/default/template/mp_gateway/form/deposit.phtml on line 96
2016-06-15T01:45:10+00:00 ERR (3): Warning: Invalid argument supplied for foreach()  in /media/anonymous/My Passport/Magento Extensions/M1-protocol-gateway/app/design/frontend/base/default/template/mp_gateway/form/deposit.phtml on line 96
2016-06-15T01:46:05+00:00 ERR (3): Warning: Invalid argument supplied for foreach()  in /media/anonymous/My Passport/Magento Extensions/M1-protocol-gateway/app/design/frontend/base/default/template/mp_gateway/form/deposit.phtml on line 96
2016-06-15T02:09:53+00:00 ERR (3): Warning: Invalid argument supplied for foreach()  in /media/anonymous/My Passport/Magento Extensions/M1-protocol-gateway/app/design/frontend/base/default/template/mp_gateway/form/deposit.phtml on line 96
2016-06-15T02:10:28+00:00 ERR (3): Warning: Invalid argument supplied for foreach()  in /media/anonymous/My Passport/Magento Extensions/M1-protocol-gateway/app/design/frontend/base/default/template/mp_gateway/form/deposit.phtml on line 96
2016-06-15T02:11:11+00:00 ERR (3): Warning: Invalid argument supplied for foreach()  in /media/anonymous/My Passport/Magento Extensions/M1-protocol-gateway/app/design/frontend/base/default/template/mp_gateway/form/deposit.phtml on line 96
2016-06-15T02:11:27+00:00 ERR (3): Warning: Invalid argument supplied for foreach()  in /media/anonymous/My Passport/Magento Extensions/M1-protocol-gateway/app/design/frontend/base/default/template/mp_gateway/form/deposit.phtml on line 96
2016-06-15T02:12:15+00:00 ERR (3): Warning: Invalid argument supplied for foreach()  in /media/anonymous/My Passport/Magento Extensions/M1-protocol-gateway/app/design/frontend/base/default/template/mp_gateway/form/deposit.phtml on line 96
2016-06-15T02:35:48+00:00 ERR (3): Warning: Invalid argument supplied for foreach()  in /media/anonymous/My Passport/Magento Extensions/M1-protocol-gateway/app/design/frontend/base/default/template/mp_gateway/form/deposit.phtml on line 88
2016-06-15T02:36:10+00:00 ERR (3): Warning: Invalid argument supplied for foreach()  in /media/anonymous/My Passport/Magento Extensions/M1-protocol-gateway/app/design/frontend/base/default/template/mp_gateway/form/deposit.phtml on line 88
2016-06-15T02:36:10+00:00 ERR (3): Warning: implode(): Invalid arguments passed  in /media/anonymous/My Passport/Magento Extensions/M1-protocol-gateway/app/code/community/MP/Gateway/Block/Form/Deposit.php on line 55
2016-06-15T02:36:20+00:00 ERR (3): Warning: Invalid argument supplied for foreach()  in /media/anonymous/My Passport/Magento Extensions/M1-protocol-gateway/app/design/frontend/base/default/template/mp_gateway/form/deposit.phtml on line 88
2016-06-15T02:41:18+00:00 ERR (3): Warning: Invalid argument supplied for foreach()  in /media/anonymous/My Passport/Magento Extensions/M1-protocol-gateway/app/design/frontend/base/default/template/mp_gateway/form/deposit.phtml on line 88
2016-06-15T02:41:40+00:00 ERR (3): Warning: Invalid argument supplied for foreach()  in /media/anonymous/My Passport/Magento Extensions/M1-protocol-gateway/app/design/frontend/base/default/template/mp_gateway/form/deposit.phtml on line 88
2016-06-15T02:44:20+00:00 ERR (3): Warning: Invalid argument supplied for foreach()  in /media/anonymous/My Passport/Magento Extensions/M1-protocol-gateway/app/design/frontend/base/default/template/mp_gateway/form/deposit.phtml on line 21
2016-06-15T02:44:20+00:00 ERR (3): Warning: Invalid argument supplied for foreach()  in /media/anonymous/My Passport/Magento Extensions/M1-protocol-gateway/app/design/frontend/base/default/template/mp_gateway/form/deposit.phtml on line 88
2016-06-15T02:46:23+00:00 ERR (3): Notice: Array to string conversion  in /media/anonymous/My Passport/Magento Extensions/M1-protocol-gateway/app/design/frontend/base/default/template/mp_gateway/form/deposit.phtml on line 22
2016-06-15T02:46:23+00:00 ERR (3): Notice: Array to string conversion  in /media/anonymous/My Passport/Magento Extensions/M1-protocol-gateway/app/design/frontend/base/default/template/mp_gateway/form/deposit.phtml on line 22
2016-06-15T02:46:23+00:00 ERR (3): Notice: Array to string conversion  in /media/anonymous/My Passport/Magento Extensions/M1-protocol-gateway/app/design/frontend/base/default/template/mp_gateway/form/deposit.phtml on line 22
2016-06-15T02:46:23+00:00 ERR (3): Notice: Array to string conversion  in /media/anonymous/My Passport/Magento Extensions/M1-protocol-gateway/app/design/frontend/base/default/template/mp_gateway/form/deposit.phtml on line 22
2016-06-15T02:46:23+00:00 ERR (3): Notice: Array to string conversion  in /media/anonymous/My Passport/Magento Extensions/M1-protocol-gateway/app/design/frontend/base/default/template/mp_gateway/form/deposit.phtml on line 22
2016-06-15T02:46:23+00:00 ERR (3): Warning: Invalid argument supplied for foreach()  in /media/anonymous/My Passport/Magento Extensions/M1-protocol-gateway/app/design/frontend/base/default/template/mp_gateway/form/deposit.phtml on line 88
2016-06-15T02:48:22+00:00 ERR (3): Notice: Array to string conversion  in /media/anonymous/My Passport/Magento Extensions/M1-protocol-gateway/app/design/frontend/base/default/template/mp_gateway/form/deposit.phtml on line 22
2016-06-15T02:48:22+00:00 ERR (3): Notice: Array to string conversion  in /media/anonymous/My Passport/Magento Extensions/M1-protocol-gateway/app/design/frontend/base/default/template/mp_gateway/form/deposit.phtml on line 22
2016-06-15T02:48:22+00:00 ERR (3): Notice: Array to string conversion  in /media/anonymous/My Passport/Magento Extensions/M1-protocol-gateway/app/design/frontend/base/default/template/mp_gateway/form/deposit.phtml on line 22
2016-06-15T02:48:22+00:00 ERR (3): Notice: Array to string conversion  in /media/anonymous/My Passport/Magento Extensions/M1-protocol-gateway/app/design/frontend/base/default/template/mp_gateway/form/deposit.phtml on line 22
2016-06-15T02:48:22+00:00 ERR (3): Warning: Invalid argument supplied for foreach()  in /media/anonymous/My Passport/Magento Extensions/M1-protocol-gateway/app/design/frontend/base/default/template/mp_gateway/form/deposit.phtml on line 88
2016-06-15T02:49:59+00:00 ERR (3): Warning: Invalid argument supplied for foreach()  in /media/anonymous/My Passport/Magento Extensions/M1-protocol-gateway/app/design/frontend/base/default/template/mp_gateway/form/deposit.phtml on line 88
2016-06-15T02:50:06+00:00 ERR (3): Warning: Invalid argument supplied for foreach()  in /media/anonymous/My Passport/Magento Extensions/M1-protocol-gateway/app/design/frontend/base/default/template/mp_gateway/form/deposit.phtml on line 88
2016-06-15T02:51:49+00:00 ERR (3): Notice: Array to string conversion  in /media/anonymous/My Passport/Magento Extensions/M1-protocol-gateway/app/code/community/MP/Gateway/Block/Form/Deposit.php on line 142
2016-06-15T02:51:49+00:00 ERR (3): Notice: Array to string conversion  in /media/anonymous/My Passport/Magento Extensions/M1-protocol-gateway/app/code/community/MP/Gateway/Block/Form/Deposit.php on line 142
2016-06-15T02:51:49+00:00 ERR (3): Notice: Array to string conversion  in /media/anonymous/My Passport/Magento Extensions/M1-protocol-gateway/app/code/community/MP/Gateway/Block/Form/Deposit.php on line 142
2016-06-15T02:51:49+00:00 ERR (3): Notice: Array to string conversion  in /media/anonymous/My Passport/Magento Extensions/M1-protocol-gateway/app/code/community/MP/Gateway/Block/Form/Deposit.php on line 142
2016-06-15T02:51:49+00:00 ERR (3): Notice: Array to string conversion  in /media/anonymous/My Passport/Magento Extensions/M1-protocol-gateway/app/code/community/MP/Gateway/Block/Form/Deposit.php on line 142
2016-06-15T02:51:49+00:00 ERR (3): Notice: Array to string conversion  in /media/anonymous/My Passport/Magento Extensions/M1-protocol-gateway/app/code/community/MP/Gateway/Block/Form/Deposit.php on line 142
2016-06-15T02:51:49+00:00 ERR (3): Notice: Array to string conversion  in /media/anonymous/My Passport/Magento Extensions/M1-protocol-gateway/app/code/community/MP/Gateway/Block/Form/Deposit.php on line 142
2016-06-15T02:51:49+00:00 ERR (3): Notice: Array to string conversion  in /media/anonymous/My Passport/Magento Extensions/M1-protocol-gateway/app/code/community/MP/Gateway/Block/Form/Deposit.php on line 142
2016-06-15T02:51:49+00:00 ERR (3): Notice: Array to string conversion  in /media/anonymous/My Passport/Magento Extensions/M1-protocol-gateway/app/code/community/MP/Gateway/Block/Form/Deposit.php on line 142
2016-06-15T02:51:49+00:00 ERR (3): Notice: Array to string conversion  in /media/anonymous/My Passport/Magento Extensions/M1-protocol-gateway/app/code/community/MP/Gateway/Block/Form/Deposit.php on line 142
2016-06-15T02:51:49+00:00 ERR (3): Notice: Array to string conversion  in /media/anonymous/My Passport/Magento Extensions/M1-protocol-gateway/app/code/community/MP/Gateway/Block/Form/Deposit.php on line 142
2016-06-15T02:51:49+00:00 ERR (3): Notice: Array to string conversion  in /media/anonymous/My Passport/Magento Extensions/M1-protocol-gateway/app/code/community/MP/Gateway/Block/Form/Deposit.php on line 142
2016-06-15T03:04:48+00:00 ERR (3): Notice: Array to string conversion  in /media/anonymous/My Passport/Magento Extensions/M1-protocol-gateway/app/code/community/MP/Gateway/Block/Form/Deposit.php on line 161
2016-06-15T03:04:48+00:00 ERR (3): Notice: Array to string conversion  in /media/anonymous/My Passport/Magento Extensions/M1-protocol-gateway/app/code/community/MP/Gateway/Block/Form/Deposit.php on line 161
2016-06-15T03:04:48+00:00 ERR (3): Notice: Array to string conversion  in /media/anonymous/My Passport/Magento Extensions/M1-protocol-gateway/app/code/community/MP/Gateway/Block/Form/Deposit.php on line 161
2016-06-15T03:04:48+00:00 ERR (3): Notice: Array to string conversion  in /media/anonymous/My Passport/Magento Extensions/M1-protocol-gateway/app/code/community/MP/Gateway/Block/Form/Deposit.php on line 161
2016-06-15T03:04:48+00:00 ERR (3): Notice: Array to string conversion  in /media/anonymous/My Passport/Magento Extensions/M1-protocol-gateway/app/code/community/MP/Gateway/Block/Form/Deposit.php on line 161
2016-06-15T03:04:48+00:00 ERR (3): Notice: Array to string conversion  in /media/anonymous/My Passport/Magento Extensions/M1-protocol-gateway/app/code/community/MP/Gateway/Block/Form/Deposit.php on line 161
2016-06-15T03:04:48+00:00 ERR (3): Notice: Array to string conversion  in /media/anonymous/My Passport/Magento Extensions/M1-protocol-gateway/app/code/community/MP/Gateway/Block/Form/Deposit.php on line 161
2016-06-15T03:04:48+00:00 ERR (3): Notice: Array to string conversion  in /media/anonymous/My Passport/Magento Extensions/M1-protocol-gateway/app/code/community/MP/Gateway/Block/Form/Deposit.php on line 161
2016-06-15T03:04:48+00:00 ERR (3): Notice: Array to string conversion  in /media/anonymous/My Passport/Magento Extensions/M1-protocol-gateway/app/code/community/MP/Gateway/Block/Form/Deposit.php on line 161
2016-06-15T03:04:48+00:00 ERR (3): Notice: Array to string conversion  in /media/anonymous/My Passport/Magento Extensions/M1-protocol-gateway/app/code/community/MP/Gateway/Block/Form/Deposit.php on line 161
2016-06-15T03:04:48+00:00 ERR (3): Notice: Array to string conversion  in /media/anonymous/My Passport/Magento Extensions/M1-protocol-gateway/app/code/community/MP/Gateway/Block/Form/Deposit.php on line 161
2016-06-15T03:04:48+00:00 ERR (3): Notice: Array to string conversion  in /media/anonymous/My Passport/Magento Extensions/M1-protocol-gateway/app/code/community/MP/Gateway/Block/Form/Deposit.php on line 161
2016-06-15T03:05:28+00:00 ERR (3): Notice: Array to string conversion  in /media/anonymous/My Passport/Magento Extensions/M1-protocol-gateway/app/code/community/MP/Gateway/Block/Form/Deposit.php on line 159
2016-06-15T03:05:28+00:00 ERR (3): Notice: Array to string conversion  in /media/anonymous/My Passport/Magento Extensions/M1-protocol-gateway/app/code/community/MP/Gateway/Block/Form/Deposit.php on line 159
2016-06-15T03:05:28+00:00 ERR (3): Notice: Array to string conversion  in /media/anonymous/My Passport/Magento Extensions/M1-protocol-gateway/app/code/community/MP/Gateway/Block/Form/Deposit.php on line 159
2016-06-15T03:05:28+00:00 ERR (3): Notice: Array to string conversion  in /media/anonymous/My Passport/Magento Extensions/M1-protocol-gateway/app/code/community/MP/Gateway/Block/Form/Deposit.php on line 159
2016-06-15T03:05:28+00:00 ERR (3): Notice: Array to string conversion  in /media/anonymous/My Passport/Magento Extensions/M1-protocol-gateway/app/code/community/MP/Gateway/Block/Form/Deposit.php on line 159
2016-06-15T03:05:28+00:00 ERR (3): Notice: Array to string conversion  in /media/anonymous/My Passport/Magento Extensions/M1-protocol-gateway/app/code/community/MP/Gateway/Block/Form/Deposit.php on line 159
2016-06-15T03:05:28+00:00 ERR (3): Notice: Array to string conversion  in /media/anonymous/My Passport/Magento Extensions/M1-protocol-gateway/app/code/community/MP/Gateway/Block/Form/Deposit.php on line 159
2016-06-15T03:05:28+00:00 ERR (3): Notice: Array to string conversion  in /media/anonymous/My Passport/Magento Extensions/M1-protocol-gateway/app/code/community/MP/Gateway/Block/Form/Deposit.php on line 159
2016-06-15T03:05:28+00:00 ERR (3): Notice: Array to string conversion  in /media/anonymous/My Passport/Magento Extensions/M1-protocol-gateway/app/code/community/MP/Gateway/Block/Form/Deposit.php on line 159
2016-06-15T03:05:28+00:00 ERR (3): Notice: Array to string conversion  in /media/anonymous/My Passport/Magento Extensions/M1-protocol-gateway/app/code/community/MP/Gateway/Block/Form/Deposit.php on line 159
2016-06-15T03:05:28+00:00 ERR (3): Notice: Array to string conversion  in /media/anonymous/My Passport/Magento Extensions/M1-protocol-gateway/app/code/community/MP/Gateway/Block/Form/Deposit.php on line 159
2016-06-15T03:05:28+00:00 ERR (3): Notice: Array to string conversion  in /media/anonymous/My Passport/Magento Extensions/M1-protocol-gateway/app/code/community/MP/Gateway/Block/Form/Deposit.php on line 159
2016-06-15T03:05:38+00:00 ERR (3): Notice: Array to string conversion  in /media/anonymous/My Passport/Magento Extensions/M1-protocol-gateway/app/code/community/MP/Gateway/Block/Form/Deposit.php on line 159
2016-06-15T03:05:38+00:00 ERR (3): Notice: Array to string conversion  in /media/anonymous/My Passport/Magento Extensions/M1-protocol-gateway/app/code/community/MP/Gateway/Block/Form/Deposit.php on line 159
2016-06-15T03:05:38+00:00 ERR (3): Notice: Array to string conversion  in /media/anonymous/My Passport/Magento Extensions/M1-protocol-gateway/app/code/community/MP/Gateway/Block/Form/Deposit.php on line 159
2016-06-15T03:05:38+00:00 ERR (3): Notice: Array to string conversion  in /media/anonymous/My Passport/Magento Extensions/M1-protocol-gateway/app/code/community/MP/Gateway/Block/Form/Deposit.php on line 159
2016-06-15T03:05:38+00:00 ERR (3): Notice: Array to string conversion  in /media/anonymous/My Passport/Magento Extensions/M1-protocol-gateway/app/code/community/MP/Gateway/Block/Form/Deposit.php on line 159
2016-06-15T03:05:38+00:00 ERR (3): Notice: Array to string conversion  in /media/anonymous/My Passport/Magento Extensions/M1-protocol-gateway/app/code/community/MP/Gateway/Block/Form/Deposit.php on line 159
2016-06-15T03:05:38+00:00 ERR (3): Notice: Array to string conversion  in /media/anonymous/My Passport/Magento Extensions/M1-protocol-gateway/app/code/community/MP/Gateway/Block/Form/Deposit.php on line 159
2016-06-15T03:05:38+00:00 ERR (3): Notice: Array to string conversion  in /media/anonymous/My Passport/Magento Extensions/M1-protocol-gateway/app/code/community/MP/Gateway/Block/Form/Deposit.php on line 159
2016-06-15T03:05:38+00:00 ERR (3): Notice: Array to string conversion  in /media/anonymous/My Passport/Magento Extensions/M1-protocol-gateway/app/code/community/MP/Gateway/Block/Form/Deposit.php on line 159
2016-06-15T03:05:38+00:00 ERR (3): Notice: Array to string conversion  in /media/anonymous/My Passport/Magento Extensions/M1-protocol-gateway/app/code/community/MP/Gateway/Block/Form/Deposit.php on line 159
2016-06-15T03:05:38+00:00 ERR (3): Notice: Array to string conversion  in /media/anonymous/My Passport/Magento Extensions/M1-protocol-gateway/app/code/community/MP/Gateway/Block/Form/Deposit.php on line 159
2016-06-15T03:05:38+00:00 ERR (3): Notice: Array to string conversion  in /media/anonymous/My Passport/Magento Extensions/M1-protocol-gateway/app/code/community/MP/Gateway/Block/Form/Deposit.php on line 159
2016-06-15T03:06:04+00:00 ERR (3): Notice: Array to string conversion  in /media/anonymous/My Passport/Magento Extensions/M1-protocol-gateway/app/code/community/MP/Gateway/Block/Form/Deposit.php on line 159
2016-06-15T03:06:04+00:00 ERR (3): Notice: Array to string conversion  in /media/anonymous/My Passport/Magento Extensions/M1-protocol-gateway/app/code/community/MP/Gateway/Block/Form/Deposit.php on line 159
2016-06-15T03:06:04+00:00 ERR (3): Notice: Array to string conversion  in /media/anonymous/My Passport/Magento Extensions/M1-protocol-gateway/app/code/community/MP/Gateway/Block/Form/Deposit.php on line 159
2016-06-15T03:06:04+00:00 ERR (3): Notice: Array to string conversion  in /media/anonymous/My Passport/Magento Extensions/M1-protocol-gateway/app/code/community/MP/Gateway/Block/Form/Deposit.php on line 159
2016-06-15T03:06:04+00:00 ERR (3): Notice: Array to string conversion  in /media/anonymous/My Passport/Magento Extensions/M1-protocol-gateway/app/code/community/MP/Gateway/Block/Form/Deposit.php on line 159
2016-06-15T03:06:04+00:00 ERR (3): Notice: Array to string conversion  in /media/anonymous/My Passport/Magento Extensions/M1-protocol-gateway/app/code/community/MP/Gateway/Block/Form/Deposit.php on line 159
2016-06-15T03:06:04+00:00 ERR (3): Notice: Array to string conversion  in /media/anonymous/My Passport/Magento Extensions/M1-protocol-gateway/app/code/community/MP/Gateway/Block/Form/Deposit.php on line 159
2016-06-15T03:06:04+00:00 ERR (3): Notice: Array to string conversion  in /media/anonymous/My Passport/Magento Extensions/M1-protocol-gateway/app/code/community/MP/Gateway/Block/Form/Deposit.php on line 159
2016-06-15T03:06:04+00:00 ERR (3): Notice: Array to string conversion  in /media/anonymous/My Passport/Magento Extensions/M1-protocol-gateway/app/code/community/MP/Gateway/Block/Form/Deposit.php on line 159
2016-06-15T03:06:04+00:00 ERR (3): Notice: Array to string conversion  in /media/anonymous/My Passport/Magento Extensions/M1-protocol-gateway/app/code/community/MP/Gateway/Block/Form/Deposit.php on line 159
2016-06-15T03:06:04+00:00 ERR (3): Notice: Array to string conversion  in /media/anonymous/My Passport/Magento Extensions/M1-protocol-gateway/app/code/community/MP/Gateway/Block/Form/Deposit.php on line 159
2016-06-15T03:06:04+00:00 ERR (3): Notice: Array to string conversion  in /media/anonymous/My Passport/Magento Extensions/M1-protocol-gateway/app/code/community/MP/Gateway/Block/Form/Deposit.php on line 159
2016-06-15T03:06:26+00:00 ERR (3): Notice: Array to string conversion  in /media/anonymous/My Passport/Magento Extensions/M1-protocol-gateway/app/code/community/MP/Gateway/Block/Form/Deposit.php on line 159
2016-06-15T03:06:26+00:00 ERR (3): Notice: Array to string conversion  in /media/anonymous/My Passport/Magento Extensions/M1-protocol-gateway/app/code/community/MP/Gateway/Block/Form/Deposit.php on line 159
2016-06-15T03:06:26+00:00 ERR (3): Notice: Array to string conversion  in /media/anonymous/My Passport/Magento Extensions/M1-protocol-gateway/app/code/community/MP/Gateway/Block/Form/Deposit.php on line 159
2016-06-15T03:06:26+00:00 ERR (3): Notice: Array to string conversion  in /media/anonymous/My Passport/Magento Extensions/M1-protocol-gateway/app/code/community/MP/Gateway/Block/Form/Deposit.php on line 159
2016-06-15T03:06:26+00:00 ERR (3): Notice: Array to string conversion  in /media/anonymous/My Passport/Magento Extensions/M1-protocol-gateway/app/code/community/MP/Gateway/Block/Form/Deposit.php on line 159
2016-06-15T03:06:26+00:00 ERR (3): Notice: Array to string conversion  in /media/anonymous/My Passport/Magento Extensions/M1-protocol-gateway/app/code/community/MP/Gateway/Block/Form/Deposit.php on line 159
2016-06-15T03:06:26+00:00 ERR (3): Notice: Array to string conversion  in /media/anonymous/My Passport/Magento Extensions/M1-protocol-gateway/app/code/community/MP/Gateway/Block/Form/Deposit.php on line 159
2016-06-15T03:06:26+00:00 ERR (3): Notice: Array to string conversion  in /media/anonymous/My Passport/Magento Extensions/M1-protocol-gateway/app/code/community/MP/Gateway/Block/Form/Deposit.php on line 159
2016-06-15T03:06:26+00:00 ERR (3): Notice: Array to string conversion  in /media/anonymous/My Passport/Magento Extensions/M1-protocol-gateway/app/code/community/MP/Gateway/Block/Form/Deposit.php on line 159
2016-06-15T03:06:26+00:00 ERR (3): Notice: Array to string conversion  in /media/anonymous/My Passport/Magento Extensions/M1-protocol-gateway/app/code/community/MP/Gateway/Block/Form/Deposit.php on line 159
2016-06-15T03:06:26+00:00 ERR (3): Notice: Array to string conversion  in /media/anonymous/My Passport/Magento Extensions/M1-protocol-gateway/app/code/community/MP/Gateway/Block/Form/Deposit.php on line 159
2016-06-15T03:06:26+00:00 ERR (3): Notice: Array to string conversion  in /media/anonymous/My Passport/Magento Extensions/M1-protocol-gateway/app/code/community/MP/Gateway/Block/Form/Deposit.php on line 159
2016-06-15T03:07:00+00:00 ERR (3): Notice: Array to string conversion  in /media/anonymous/My Passport/Magento Extensions/M1-protocol-gateway/app/code/community/MP/Gateway/Block/Form/Deposit.php on line 159
2016-06-15T03:07:00+00:00 ERR (3): Notice: Array to string conversion  in /media/anonymous/My Passport/Magento Extensions/M1-protocol-gateway/app/code/community/MP/Gateway/Block/Form/Deposit.php on line 159
2016-06-15T03:07:00+00:00 ERR (3): Notice: Array to string conversion  in /media/anonymous/My Passport/Magento Extensions/M1-protocol-gateway/app/code/community/MP/Gateway/Block/Form/Deposit.php on line 159
2016-06-15T03:07:00+00:00 ERR (3): Notice: Array to string conversion  in /media/anonymous/My Passport/Magento Extensions/M1-protocol-gateway/app/code/community/MP/Gateway/Block/Form/Deposit.php on line 159
2016-06-15T03:07:00+00:00 ERR (3): Notice: Array to string conversion  in /media/anonymous/My Passport/Magento Extensions/M1-protocol-gateway/app/code/community/MP/Gateway/Block/Form/Deposit.php on line 159
2016-06-15T03:07:00+00:00 ERR (3): Notice: Array to string conversion  in /media/anonymous/My Passport/Magento Extensions/M1-protocol-gateway/app/code/community/MP/Gateway/Block/Form/Deposit.php on line 159
2016-06-15T03:07:00+00:00 ERR (3): Notice: Array to string conversion  in /media/anonymous/My Passport/Magento Extensions/M1-protocol-gateway/app/code/community/MP/Gateway/Block/Form/Deposit.php on line 159
2016-06-15T03:07:00+00:00 ERR (3): Notice: Array to string conversion  in /media/anonymous/My Passport/Magento Extensions/M1-protocol-gateway/app/code/community/MP/Gateway/Block/Form/Deposit.php on line 159
2016-06-15T03:07:00+00:00 ERR (3): Notice: Array to string conversion  in /media/anonymous/My Passport/Magento Extensions/M1-protocol-gateway/app/code/community/MP/Gateway/Block/Form/Deposit.php on line 159
2016-06-15T03:07:00+00:00 ERR (3): Notice: Array to string conversion  in /media/anonymous/My Passport/Magento Extensions/M1-protocol-gateway/app/code/community/MP/Gateway/Block/Form/Deposit.php on line 159
2016-06-15T03:07:00+00:00 ERR (3): Notice: Array to string conversion  in /media/anonymous/My Passport/Magento Extensions/M1-protocol-gateway/app/code/community/MP/Gateway/Block/Form/Deposit.php on line 159
2016-06-15T03:07:00+00:00 ERR (3): Notice: Array to string conversion  in /media/anonymous/My Passport/Magento Extensions/M1-protocol-gateway/app/code/community/MP/Gateway/Block/Form/Deposit.php on line 159
2016-06-15T03:07:12+00:00 ERR (3): Notice: Array to string conversion  in /media/anonymous/My Passport/Magento Extensions/M1-protocol-gateway/app/code/community/MP/Gateway/Block/Form/Deposit.php on line 159
2016-06-15T03:07:12+00:00 ERR (3): Notice: Array to string conversion  in /media/anonymous/My Passport/Magento Extensions/M1-protocol-gateway/app/code/community/MP/Gateway/Block/Form/Deposit.php on line 159
2016-06-15T03:07:12+00:00 ERR (3): Notice: Array to string conversion  in /media/anonymous/My Passport/Magento Extensions/M1-protocol-gateway/app/code/community/MP/Gateway/Block/Form/Deposit.php on line 159
2016-06-15T03:07:12+00:00 ERR (3): Notice: Array to string conversion  in /media/anonymous/My Passport/Magento Extensions/M1-protocol-gateway/app/code/community/MP/Gateway/Block/Form/Deposit.php on line 159
2016-06-15T03:07:12+00:00 ERR (3): Notice: Array to string conversion  in /media/anonymous/My Passport/Magento Extensions/M1-protocol-gateway/app/code/community/MP/Gateway/Block/Form/Deposit.php on line 159
2016-06-15T03:07:12+00:00 ERR (3): Notice: Array to string conversion  in /media/anonymous/My Passport/Magento Extensions/M1-protocol-gateway/app/code/community/MP/Gateway/Block/Form/Deposit.php on line 159
2016-06-15T03:07:12+00:00 ERR (3): Notice: Array to string conversion  in /media/anonymous/My Passport/Magento Extensions/M1-protocol-gateway/app/code/community/MP/Gateway/Block/Form/Deposit.php on line 159
2016-06-15T03:07:12+00:00 ERR (3): Notice: Array to string conversion  in /media/anonymous/My Passport/Magento Extensions/M1-protocol-gateway/app/code/community/MP/Gateway/Block/Form/Deposit.php on line 159
2016-06-15T03:07:12+00:00 ERR (3): Notice: Array to string conversion  in /media/anonymous/My Passport/Magento Extensions/M1-protocol-gateway/app/code/community/MP/Gateway/Block/Form/Deposit.php on line 159
2016-06-15T03:07:12+00:00 ERR (3): Notice: Array to string conversion  in /media/anonymous/My Passport/Magento Extensions/M1-protocol-gateway/app/code/community/MP/Gateway/Block/Form/Deposit.php on line 159
2016-06-15T03:07:12+00:00 ERR (3): Notice: Array to string conversion  in /media/anonymous/My Passport/Magento Extensions/M1-protocol-gateway/app/code/community/MP/Gateway/Block/Form/Deposit.php on line 159
2016-06-15T03:07:12+00:00 ERR (3): Notice: Array to string conversion  in /media/anonymous/My Passport/Magento Extensions/M1-protocol-gateway/app/code/community/MP/Gateway/Block/Form/Deposit.php on line 159
2016-06-15T03:07:33+00:00 ERR (3): Notice: Array to string conversion  in /media/anonymous/My Passport/Magento Extensions/M1-protocol-gateway/app/code/community/MP/Gateway/Block/Form/Deposit.php on line 159
2016-06-15T03:07:33+00:00 ERR (3): Notice: Array to string conversion  in /media/anonymous/My Passport/Magento Extensions/M1-protocol-gateway/app/code/community/MP/Gateway/Block/Form/Deposit.php on line 159
2016-06-15T03:07:33+00:00 ERR (3): Notice: Array to string conversion  in /media/anonymous/My Passport/Magento Extensions/M1-protocol-gateway/app/code/community/MP/Gateway/Block/Form/Deposit.php on line 159
2016-06-15T03:07:33+00:00 ERR (3): Notice: Array to string conversion  in /media/anonymous/My Passport/Magento Extensions/M1-protocol-gateway/app/code/community/MP/Gateway/Block/Form/Deposit.php on line 159
2016-06-15T03:07:33+00:00 ERR (3): Notice: Array to string conversion  in /media/anonymous/My Passport/Magento Extensions/M1-protocol-gateway/app/code/community/MP/Gateway/Block/Form/Deposit.php on line 159
2016-06-15T03:07:33+00:00 ERR (3): Notice: Array to string conversion  in /media/anonymous/My Passport/Magento Extensions/M1-protocol-gateway/app/code/community/MP/Gateway/Block/Form/Deposit.php on line 159
2016-06-15T03:07:33+00:00 ERR (3): Notice: Array to string conversion  in /media/anonymous/My Passport/Magento Extensions/M1-protocol-gateway/app/code/community/MP/Gateway/Block/Form/Deposit.php on line 159
2016-06-15T03:07:33+00:00 ERR (3): Notice: Array to string conversion  in /media/anonymous/My Passport/Magento Extensions/M1-protocol-gateway/app/code/community/MP/Gateway/Block/Form/Deposit.php on line 159
2016-06-15T03:07:33+00:00 ERR (3): Notice: Array to string conversion  in /media/anonymous/My Passport/Magento Extensions/M1-protocol-gateway/app/code/community/MP/Gateway/Block/Form/Deposit.php on line 159
2016-06-15T03:07:33+00:00 ERR (3): Notice: Array to string conversion  in /media/anonymous/My Passport/Magento Extensions/M1-protocol-gateway/app/code/community/MP/Gateway/Block/Form/Deposit.php on line 159
2016-06-15T03:07:33+00:00 ERR (3): Notice: Array to string conversion  in /media/anonymous/My Passport/Magento Extensions/M1-protocol-gateway/app/code/community/MP/Gateway/Block/Form/Deposit.php on line 159
2016-06-15T03:07:33+00:00 ERR (3): Notice: Array to string conversion  in /media/anonymous/My Passport/Magento Extensions/M1-protocol-gateway/app/code/community/MP/Gateway/Block/Form/Deposit.php on line 159
2016-06-15T03:07:50+00:00 ERR (3): Notice: Array to string conversion  in /media/anonymous/My Passport/Magento Extensions/M1-protocol-gateway/app/code/community/MP/Gateway/Block/Form/Deposit.php on line 159
2016-06-15T03:07:50+00:00 ERR (3): Notice: Array to string conversion  in /media/anonymous/My Passport/Magento Extensions/M1-protocol-gateway/app/code/community/MP/Gateway/Block/Form/Deposit.php on line 159
2016-06-15T03:07:50+00:00 ERR (3): Notice: Array to string conversion  in /media/anonymous/My Passport/Magento Extensions/M1-protocol-gateway/app/code/community/MP/Gateway/Block/Form/Deposit.php on line 159
2016-06-15T03:07:50+00:00 ERR (3): Notice: Array to string conversion  in /media/anonymous/My Passport/Magento Extensions/M1-protocol-gateway/app/code/community/MP/Gateway/Block/Form/Deposit.php on line 159
2016-06-15T03:07:50+00:00 ERR (3): Notice: Array to string conversion  in /media/anonymous/My Passport/Magento Extensions/M1-protocol-gateway/app/code/community/MP/Gateway/Block/Form/Deposit.php on line 159
2016-06-15T03:07:50+00:00 ERR (3): Notice: Array to string conversion  in /media/anonymous/My Passport/Magento Extensions/M1-protocol-gateway/app/code/community/MP/Gateway/Block/Form/Deposit.php on line 159
2016-06-15T03:07:50+00:00 ERR (3): Notice: Array to string conversion  in /media/anonymous/My Passport/Magento Extensions/M1-protocol-gateway/app/code/community/MP/Gateway/Block/Form/Deposit.php on line 159
2016-06-15T03:07:50+00:00 ERR (3): Notice: Array to string conversion  in /media/anonymous/My Passport/Magento Extensions/M1-protocol-gateway/app/code/community/MP/Gateway/Block/Form/Deposit.php on line 159
2016-06-15T03:07:50+00:00 ERR (3): Notice: Array to string conversion  in /media/anonymous/My Passport/Magento Extensions/M1-protocol-gateway/app/code/community/MP/Gateway/Block/Form/Deposit.php on line 159
2016-06-15T03:07:50+00:00 ERR (3): Notice: Array to string conversion  in /media/anonymous/My Passport/Magento Extensions/M1-protocol-gateway/app/code/community/MP/Gateway/Block/Form/Deposit.php on line 159
2016-06-15T03:07:50+00:00 ERR (3): Notice: Array to string conversion  in /media/anonymous/My Passport/Magento Extensions/M1-protocol-gateway/app/code/community/MP/Gateway/Block/Form/Deposit.php on line 159
2016-06-15T03:07:50+00:00 ERR (3): Notice: Array to string conversion  in /media/anonymous/My Passport/Magento Extensions/M1-protocol-gateway/app/code/community/MP/Gateway/Block/Form/Deposit.php on line 159
2016-06-15T03:08:06+00:00 ERR (3): Notice: Array to string conversion  in /media/anonymous/My Passport/Magento Extensions/M1-protocol-gateway/app/code/community/MP/Gateway/Block/Form/Deposit.php on line 159
2016-06-15T03:08:06+00:00 ERR (3): Notice: Array to string conversion  in /media/anonymous/My Passport/Magento Extensions/M1-protocol-gateway/app/code/community/MP/Gateway/Block/Form/Deposit.php on line 159
2016-06-15T03:08:06+00:00 ERR (3): Notice: Array to string conversion  in /media/anonymous/My Passport/Magento Extensions/M1-protocol-gateway/app/code/community/MP/Gateway/Block/Form/Deposit.php on line 159
2016-06-15T03:08:06+00:00 ERR (3): Notice: Array to string conversion  in /media/anonymous/My Passport/Magento Extensions/M1-protocol-gateway/app/code/community/MP/Gateway/Block/Form/Deposit.php on line 159
2016-06-15T03:08:06+00:00 ERR (3): Notice: Array to string conversion  in /media/anonymous/My Passport/Magento Extensions/M1-protocol-gateway/app/code/community/MP/Gateway/Block/Form/Deposit.php on line 159
2016-06-15T03:08:06+00:00 ERR (3): Notice: Array to string conversion  in /media/anonymous/My Passport/Magento Extensions/M1-protocol-gateway/app/code/community/MP/Gateway/Block/Form/Deposit.php on line 159
2016-06-15T03:08:06+00:00 ERR (3): Notice: Array to string conversion  in /media/anonymous/My Passport/Magento Extensions/M1-protocol-gateway/app/code/community/MP/Gateway/Block/Form/Deposit.php on line 159
2016-06-15T03:08:06+00:00 ERR (3): Notice: Array to string conversion  in /media/anonymous/My Passport/Magento Extensions/M1-protocol-gateway/app/code/community/MP/Gateway/Block/Form/Deposit.php on line 159
2016-06-15T03:08:06+00:00 ERR (3): Notice: Array to string conversion  in /media/anonymous/My Passport/Magento Extensions/M1-protocol-gateway/app/code/community/MP/Gateway/Block/Form/Deposit.php on line 159
2016-06-15T03:08:06+00:00 ERR (3): Notice: Array to string conversion  in /media/anonymous/My Passport/Magento Extensions/M1-protocol-gateway/app/code/community/MP/Gateway/Block/Form/Deposit.php on line 159
2016-06-15T03:08:06+00:00 ERR (3): Notice: Array to string conversion  in /media/anonymous/My Passport/Magento Extensions/M1-protocol-gateway/app/code/community/MP/Gateway/Block/Form/Deposit.php on line 159
2016-06-15T03:08:06+00:00 ERR (3): Notice: Array to string conversion  in /media/anonymous/My Passport/Magento Extensions/M1-protocol-gateway/app/code/community/MP/Gateway/Block/Form/Deposit.php on line 159
2016-06-17T04:19:34+00:00 ERR (3): Notice: Array to string conversion  in /media/anonymous/My Passport/Magento Extensions/M1-protocol-gateway/app/code/community/MP/Gateway/Block/Form/Deposit.php on line 159
2016-06-17T04:19:34+00:00 ERR (3): Notice: Array to string conversion  in /media/anonymous/My Passport/Magento Extensions/M1-protocol-gateway/app/code/community/MP/Gateway/Block/Form/Deposit.php on line 159
2016-06-17T04:19:34+00:00 ERR (3): Notice: Array to string conversion  in /media/anonymous/My Passport/Magento Extensions/M1-protocol-gateway/app/code/community/MP/Gateway/Block/Form/Deposit.php on line 159
2016-06-17T04:19:34+00:00 ERR (3): Notice: Array to string conversion  in /media/anonymous/My Passport/Magento Extensions/M1-protocol-gateway/app/code/community/MP/Gateway/Block/Form/Deposit.php on line 159
2016-06-17T04:19:34+00:00 ERR (3): Notice: Array to string conversion  in /media/anonymous/My Passport/Magento Extensions/M1-protocol-gateway/app/code/community/MP/Gateway/Block/Form/Deposit.php on line 159
2016-06-17T04:19:34+00:00 ERR (3): Notice: Array to string conversion  in /media/anonymous/My Passport/Magento Extensions/M1-protocol-gateway/app/code/community/MP/Gateway/Block/Form/Deposit.php on line 159
2016-06-17T04:19:34+00:00 ERR (3): Notice: Array to string conversion  in /media/anonymous/My Passport/Magento Extensions/M1-protocol-gateway/app/code/community/MP/Gateway/Block/Form/Deposit.php on line 159
2016-06-17T04:19:34+00:00 ERR (3): Notice: Array to string conversion  in /media/anonymous/My Passport/Magento Extensions/M1-protocol-gateway/app/code/community/MP/Gateway/Block/Form/Deposit.php on line 159
2016-06-17T04:19:34+00:00 ERR (3): Notice: Array to string conversion  in /media/anonymous/My Passport/Magento Extensions/M1-protocol-gateway/app/code/community/MP/Gateway/Block/Form/Deposit.php on line 159
2016-06-17T04:19:34+00:00 ERR (3): Notice: Array to string conversion  in /media/anonymous/My Passport/Magento Extensions/M1-protocol-gateway/app/code/community/MP/Gateway/Block/Form/Deposit.php on line 159
2016-06-17T04:19:34+00:00 ERR (3): Notice: Array to string conversion  in /media/anonymous/My Passport/Magento Extensions/M1-protocol-gateway/app/code/community/MP/Gateway/Block/Form/Deposit.php on line 159
2016-06-17T04:19:34+00:00 ERR (3): Notice: Array to string conversion  in /media/anonymous/My Passport/Magento Extensions/M1-protocol-gateway/app/code/community/MP/Gateway/Block/Form/Deposit.php on line 159
2016-06-17T04:20:01+00:00 ERR (3): Notice: Array to string conversion  in /media/anonymous/My Passport/Magento Extensions/M1-protocol-gateway/app/code/community/MP/Gateway/Block/Form/Deposit.php on line 159
2016-06-17T04:20:01+00:00 ERR (3): Notice: Array to string conversion  in /media/anonymous/My Passport/Magento Extensions/M1-protocol-gateway/app/code/community/MP/Gateway/Block/Form/Deposit.php on line 159
2016-06-17T04:20:01+00:00 ERR (3): Notice: Array to string conversion  in /media/anonymous/My Passport/Magento Extensions/M1-protocol-gateway/app/code/community/MP/Gateway/Block/Form/Deposit.php on line 159
2016-06-17T04:20:01+00:00 ERR (3): Notice: Array to string conversion  in /media/anonymous/My Passport/Magento Extensions/M1-protocol-gateway/app/code/community/MP/Gateway/Block/Form/Deposit.php on line 159
2016-06-17T04:20:01+00:00 ERR (3): Notice: Array to string conversion  in /media/anonymous/My Passport/Magento Extensions/M1-protocol-gateway/app/code/community/MP/Gateway/Block/Form/Deposit.php on line 159
2016-06-17T04:20:01+00:00 ERR (3): Notice: Array to string conversion  in /media/anonymous/My Passport/Magento Extensions/M1-protocol-gateway/app/code/community/MP/Gateway/Block/Form/Deposit.php on line 159
2016-06-17T04:20:01+00:00 ERR (3): Notice: Array to string conversion  in /media/anonymous/My Passport/Magento Extensions/M1-protocol-gateway/app/code/community/MP/Gateway/Block/Form/Deposit.php on line 159
2016-06-17T04:20:01+00:00 ERR (3): Notice: Array to string conversion  in /media/anonymous/My Passport/Magento Extensions/M1-protocol-gateway/app/code/community/MP/Gateway/Block/Form/Deposit.php on line 159
2016-06-17T04:20:01+00:00 ERR (3): Notice: Array to string conversion  in /media/anonymous/My Passport/Magento Extensions/M1-protocol-gateway/app/code/community/MP/Gateway/Block/Form/Deposit.php on line 159
2016-06-17T04:20:01+00:00 ERR (3): Notice: Array to string conversion  in /media/anonymous/My Passport/Magento Extensions/M1-protocol-gateway/app/code/community/MP/Gateway/Block/Form/Deposit.php on line 159
2016-06-17T04:20:01+00:00 ERR (3): Notice: Array to string conversion  in /media/anonymous/My Passport/Magento Extensions/M1-protocol-gateway/app/code/community/MP/Gateway/Block/Form/Deposit.php on line 159
2016-06-17T04:20:01+00:00 ERR (3): Notice: Array to string conversion  in /media/anonymous/My Passport/Magento Extensions/M1-protocol-gateway/app/code/community/MP/Gateway/Block/Form/Deposit.php on line 159
2016-06-17T04:22:02+00:00 ERR (3): Notice: Array to string conversion  in /media/anonymous/My Passport/Magento Extensions/M1-protocol-gateway/app/code/community/MP/Gateway/Block/Form/Deposit.php on line 159
2016-06-17T04:22:02+00:00 ERR (3): Notice: Array to string conversion  in /media/anonymous/My Passport/Magento Extensions/M1-protocol-gateway/app/code/community/MP/Gateway/Block/Form/Deposit.php on line 159
2016-06-17T04:22:02+00:00 ERR (3): Notice: Array to string conversion  in /media/anonymous/My Passport/Magento Extensions/M1-protocol-gateway/app/code/community/MP/Gateway/Block/Form/Deposit.php on line 159
2016-06-17T04:22:02+00:00 ERR (3): Notice: Array to string conversion  in /media/anonymous/My Passport/Magento Extensions/M1-protocol-gateway/app/code/community/MP/Gateway/Block/Form/Deposit.php on line 159
2016-06-17T04:22:02+00:00 ERR (3): Notice: Array to string conversion  in /media/anonymous/My Passport/Magento Extensions/M1-protocol-gateway/app/code/community/MP/Gateway/Block/Form/Deposit.php on line 159
2016-06-17T04:22:02+00:00 ERR (3): Notice: Array to string conversion  in /media/anonymous/My Passport/Magento Extensions/M1-protocol-gateway/app/code/community/MP/Gateway/Block/Form/Deposit.php on line 159
2016-06-17T04:22:02+00:00 ERR (3): Notice: Array to string conversion  in /media/anonymous/My Passport/Magento Extensions/M1-protocol-gateway/app/code/community/MP/Gateway/Block/Form/Deposit.php on line 159
2016-06-17T04:22:02+00:00 ERR (3): Notice: Array to string conversion  in /media/anonymous/My Passport/Magento Extensions/M1-protocol-gateway/app/code/community/MP/Gateway/Block/Form/Deposit.php on line 159
2016-06-17T04:22:02+00:00 ERR (3): Notice: Array to string conversion  in /media/anonymous/My Passport/Magento Extensions/M1-protocol-gateway/app/code/community/MP/Gateway/Block/Form/Deposit.php on line 159
2016-06-17T04:22:02+00:00 ERR (3): Notice: Array to string conversion  in /media/anonymous/My Passport/Magento Extensions/M1-protocol-gateway/app/code/community/MP/Gateway/Block/Form/Deposit.php on line 159
2016-06-17T04:22:02+00:00 ERR (3): Notice: Array to string conversion  in /media/anonymous/My Passport/Magento Extensions/M1-protocol-gateway/app/code/community/MP/Gateway/Block/Form/Deposit.php on line 159
2016-06-17T04:22:02+00:00 ERR (3): Notice: Array to string conversion  in /media/anonymous/My Passport/Magento Extensions/M1-protocol-gateway/app/code/community/MP/Gateway/Block/Form/Deposit.php on line 159
2016-06-17T04:24:34+00:00 ERR (3): Notice: Array to string conversion  in /media/anonymous/My Passport/Magento Extensions/M1-protocol-gateway/app/code/community/MP/Gateway/Block/Form/Deposit.php on line 159
2016-06-17T04:24:34+00:00 ERR (3): Notice: Array to string conversion  in /media/anonymous/My Passport/Magento Extensions/M1-protocol-gateway/app/code/community/MP/Gateway/Block/Form/Deposit.php on line 159
2016-06-17T04:24:34+00:00 ERR (3): Notice: Array to string conversion  in /media/anonymous/My Passport/Magento Extensions/M1-protocol-gateway/app/code/community/MP/Gateway/Block/Form/Deposit.php on line 159
2016-06-17T04:24:34+00:00 ERR (3): Notice: Array to string conversion  in /media/anonymous/My Passport/Magento Extensions/M1-protocol-gateway/app/code/community/MP/Gateway/Block/Form/Deposit.php on line 159
2016-06-17T04:24:34+00:00 ERR (3): Notice: Array to string conversion  in /media/anonymous/My Passport/Magento Extensions/M1-protocol-gateway/app/code/community/MP/Gateway/Block/Form/Deposit.php on line 159
2016-06-17T04:24:34+00:00 ERR (3): Notice: Array to string conversion  in /media/anonymous/My Passport/Magento Extensions/M1-protocol-gateway/app/code/community/MP/Gateway/Block/Form/Deposit.php on line 159
2016-06-17T04:24:34+00:00 ERR (3): Notice: Array to string conversion  in /media/anonymous/My Passport/Magento Extensions/M1-protocol-gateway/app/code/community/MP/Gateway/Block/Form/Deposit.php on line 159
2016-06-17T04:24:34+00:00 ERR (3): Notice: Array to string conversion  in /media/anonymous/My Passport/Magento Extensions/M1-protocol-gateway/app/code/community/MP/Gateway/Block/Form/Deposit.php on line 159
2016-06-17T04:24:34+00:00 ERR (3): Notice: Array to string conversion  in /media/anonymous/My Passport/Magento Extensions/M1-protocol-gateway/app/code/community/MP/Gateway/Block/Form/Deposit.php on line 159
2016-06-17T04:24:34+00:00 ERR (3): Notice: Array to string conversion  in /media/anonymous/My Passport/Magento Extensions/M1-protocol-gateway/app/code/community/MP/Gateway/Block/Form/Deposit.php on line 159
2016-06-17T04:24:34+00:00 ERR (3): Notice: Array to string conversion  in /media/anonymous/My Passport/Magento Extensions/M1-protocol-gateway/app/code/community/MP/Gateway/Block/Form/Deposit.php on line 159
2016-06-17T04:24:34+00:00 ERR (3): Notice: Array to string conversion  in /media/anonymous/My Passport/Magento Extensions/M1-protocol-gateway/app/code/community/MP/Gateway/Block/Form/Deposit.php on line 159
2016-06-17T04:24:54+00:00 ERR (3): Notice: Array to string conversion  in /media/anonymous/My Passport/Magento Extensions/M1-protocol-gateway/app/code/community/MP/Gateway/Block/Form/Deposit.php on line 159
2016-06-17T04:24:54+00:00 ERR (3): Notice: Array to string conversion  in /media/anonymous/My Passport/Magento Extensions/M1-protocol-gateway/app/code/community/MP/Gateway/Block/Form/Deposit.php on line 159
2016-06-17T04:24:54+00:00 ERR (3): Notice: Array to string conversion  in /media/anonymous/My Passport/Magento Extensions/M1-protocol-gateway/app/code/community/MP/Gateway/Block/Form/Deposit.php on line 159
2016-06-17T04:24:54+00:00 ERR (3): Notice: Array to string conversion  in /media/anonymous/My Passport/Magento Extensions/M1-protocol-gateway/app/code/community/MP/Gateway/Block/Form/Deposit.php on line 159
2016-06-17T04:24:54+00:00 ERR (3): Notice: Array to string conversion  in /media/anonymous/My Passport/Magento Extensions/M1-protocol-gateway/app/code/community/MP/Gateway/Block/Form/Deposit.php on line 159
2016-06-17T04:24:54+00:00 ERR (3): Notice: Array to string conversion  in /media/anonymous/My Passport/Magento Extensions/M1-protocol-gateway/app/code/community/MP/Gateway/Block/Form/Deposit.php on line 159
2016-06-17T04:24:54+00:00 ERR (3): Notice: Array to string conversion  in /media/anonymous/My Passport/Magento Extensions/M1-protocol-gateway/app/code/community/MP/Gateway/Block/Form/Deposit.php on line 159
2016-06-17T04:24:54+00:00 ERR (3): Notice: Array to string conversion  in /media/anonymous/My Passport/Magento Extensions/M1-protocol-gateway/app/code/community/MP/Gateway/Block/Form/Deposit.php on line 159
2016-06-17T04:24:54+00:00 ERR (3): Notice: Array to string conversion  in /media/anonymous/My Passport/Magento Extensions/M1-protocol-gateway/app/code/community/MP/Gateway/Block/Form/Deposit.php on line 159
2016-06-17T04:24:54+00:00 ERR (3): Notice: Array to string conversion  in /media/anonymous/My Passport/Magento Extensions/M1-protocol-gateway/app/code/community/MP/Gateway/Block/Form/Deposit.php on line 159
2016-06-17T04:24:54+00:00 ERR (3): Notice: Array to string conversion  in /media/anonymous/My Passport/Magento Extensions/M1-protocol-gateway/app/code/community/MP/Gateway/Block/Form/Deposit.php on line 159
2016-06-17T04:24:54+00:00 ERR (3): Notice: Array to string conversion  in /media/anonymous/My Passport/Magento Extensions/M1-protocol-gateway/app/code/community/MP/Gateway/Block/Form/Deposit.php on line 159
2016-06-17T04:26:22+00:00 ERR (3): Notice: Array to string conversion  in /media/anonymous/My Passport/Magento Extensions/M1-protocol-gateway/app/code/community/MP/Gateway/Block/Form/Deposit.php on line 159
2016-06-17T04:26:22+00:00 ERR (3): Notice: Array to string conversion  in /media/anonymous/My Passport/Magento Extensions/M1-protocol-gateway/app/code/community/MP/Gateway/Block/Form/Deposit.php on line 159
2016-06-17T04:26:22+00:00 ERR (3): Notice: Array to string conversion  in /media/anonymous/My Passport/Magento Extensions/M1-protocol-gateway/app/code/community/MP/Gateway/Block/Form/Deposit.php on line 159
2016-06-17T04:26:22+00:00 ERR (3): Notice: Array to string conversion  in /media/anonymous/My Passport/Magento Extensions/M1-protocol-gateway/app/code/community/MP/Gateway/Block/Form/Deposit.php on line 159
2016-06-17T04:26:22+00:00 ERR (3): Notice: Array to string conversion  in /media/anonymous/My Passport/Magento Extensions/M1-protocol-gateway/app/code/community/MP/Gateway/Block/Form/Deposit.php on line 159
2016-06-17T04:26:22+00:00 ERR (3): Notice: Array to string conversion  in /media/anonymous/My Passport/Magento Extensions/M1-protocol-gateway/app/code/community/MP/Gateway/Block/Form/Deposit.php on line 159
2016-06-17T04:26:22+00:00 ERR (3): Notice: Array to string conversion  in /media/anonymous/My Passport/Magento Extensions/M1-protocol-gateway/app/code/community/MP/Gateway/Block/Form/Deposit.php on line 159
2016-06-17T04:26:22+00:00 ERR (3): Notice: Array to string conversion  in /media/anonymous/My Passport/Magento Extensions/M1-protocol-gateway/app/code/community/MP/Gateway/Block/Form/Deposit.php on line 159
2016-06-17T04:26:22+00:00 ERR (3): Notice: Array to string conversion  in /media/anonymous/My Passport/Magento Extensions/M1-protocol-gateway/app/code/community/MP/Gateway/Block/Form/Deposit.php on line 159
2016-06-17T04:26:22+00:00 ERR (3): Notice: Array to string conversion  in /media/anonymous/My Passport/Magento Extensions/M1-protocol-gateway/app/code/community/MP/Gateway/Block/Form/Deposit.php on line 159
2016-06-17T04:26:22+00:00 ERR (3): Notice: Array to string conversion  in /media/anonymous/My Passport/Magento Extensions/M1-protocol-gateway/app/code/community/MP/Gateway/Block/Form/Deposit.php on line 159
2016-06-17T04:26:22+00:00 ERR (3): Notice: Array to string conversion  in /media/anonymous/My Passport/Magento Extensions/M1-protocol-gateway/app/code/community/MP/Gateway/Block/Form/Deposit.php on line 159
2016-06-17T04:26:38+00:00 ERR (3): Notice: Array to string conversion  in /media/anonymous/My Passport/Magento Extensions/M1-protocol-gateway/app/code/community/MP/Gateway/Block/Form/Deposit.php on line 159
2016-06-17T04:26:38+00:00 ERR (3): Notice: Array to string conversion  in /media/anonymous/My Passport/Magento Extensions/M1-protocol-gateway/app/code/community/MP/Gateway/Block/Form/Deposit.php on line 159
2016-06-17T04:26:38+00:00 ERR (3): Notice: Array to string conversion  in /media/anonymous/My Passport/Magento Extensions/M1-protocol-gateway/app/code/community/MP/Gateway/Block/Form/Deposit.php on line 159
2016-06-17T04:26:38+00:00 ERR (3): Notice: Array to string conversion  in /media/anonymous/My Passport/Magento Extensions/M1-protocol-gateway/app/code/community/MP/Gateway/Block/Form/Deposit.php on line 159
2016-06-17T04:26:38+00:00 ERR (3): Notice: Array to string conversion  in /media/anonymous/My Passport/Magento Extensions/M1-protocol-gateway/app/code/community/MP/Gateway/Block/Form/Deposit.php on line 159
2016-06-17T04:26:38+00:00 ERR (3): Notice: Array to string conversion  in /media/anonymous/My Passport/Magento Extensions/M1-protocol-gateway/app/code/community/MP/Gateway/Block/Form/Deposit.php on line 159
2016-06-17T04:26:38+00:00 ERR (3): Notice: Array to string conversion  in /media/anonymous/My Passport/Magento Extensions/M1-protocol-gateway/app/code/community/MP/Gateway/Block/Form/Deposit.php on line 159
2016-06-17T04:26:38+00:00 ERR (3): Notice: Array to string conversion  in /media/anonymous/My Passport/Magento Extensions/M1-protocol-gateway/app/code/community/MP/Gateway/Block/Form/Deposit.php on line 159
2016-06-17T04:26:38+00:00 ERR (3): Notice: Array to string conversion  in /media/anonymous/My Passport/Magento Extensions/M1-protocol-gateway/app/code/community/MP/Gateway/Block/Form/Deposit.php on line 159
2016-06-17T04:26:38+00:00 ERR (3): Notice: Array to string conversion  in /media/anonymous/My Passport/Magento Extensions/M1-protocol-gateway/app/code/community/MP/Gateway/Block/Form/Deposit.php on line 159
2016-06-17T04:26:38+00:00 ERR (3): Notice: Array to string conversion  in /media/anonymous/My Passport/Magento Extensions/M1-protocol-gateway/app/code/community/MP/Gateway/Block/Form/Deposit.php on line 159
2016-06-17T04:26:38+00:00 ERR (3): Notice: Array to string conversion  in /media/anonymous/My Passport/Magento Extensions/M1-protocol-gateway/app/code/community/MP/Gateway/Block/Form/Deposit.php on line 159
2016-06-17T04:36:55+00:00 ERR (3): Notice: Array to string conversion  in /media/anonymous/My Passport/Magento Extensions/M1-protocol-gateway/app/code/community/MP/Gateway/Block/Form/Deposit.php on line 159
2016-06-17T04:36:55+00:00 ERR (3): Notice: Array to string conversion  in /media/anonymous/My Passport/Magento Extensions/M1-protocol-gateway/app/code/community/MP/Gateway/Block/Form/Deposit.php on line 159
2016-06-17T04:36:55+00:00 ERR (3): Notice: Array to string conversion  in /media/anonymous/My Passport/Magento Extensions/M1-protocol-gateway/app/code/community/MP/Gateway/Block/Form/Deposit.php on line 159
2016-06-17T04:36:55+00:00 ERR (3): Notice: Array to string conversion  in /media/anonymous/My Passport/Magento Extensions/M1-protocol-gateway/app/code/community/MP/Gateway/Block/Form/Deposit.php on line 159
2016-06-17T04:36:55+00:00 ERR (3): Notice: Array to string conversion  in /media/anonymous/My Passport/Magento Extensions/M1-protocol-gateway/app/code/community/MP/Gateway/Block/Form/Deposit.php on line 159
2016-06-17T04:36:55+00:00 ERR (3): Notice: Array to string conversion  in /media/anonymous/My Passport/Magento Extensions/M1-protocol-gateway/app/code/community/MP/Gateway/Block/Form/Deposit.php on line 159
2016-06-17T04:36:55+00:00 ERR (3): Notice: Array to string conversion  in /media/anonymous/My Passport/Magento Extensions/M1-protocol-gateway/app/code/community/MP/Gateway/Block/Form/Deposit.php on line 159
2016-06-17T04:36:55+00:00 ERR (3): Notice: Array to string conversion  in /media/anonymous/My Passport/Magento Extensions/M1-protocol-gateway/app/code/community/MP/Gateway/Block/Form/Deposit.php on line 159
2016-06-17T04:36:55+00:00 ERR (3): Notice: Array to string conversion  in /media/anonymous/My Passport/Magento Extensions/M1-protocol-gateway/app/code/community/MP/Gateway/Block/Form/Deposit.php on line 159
2016-06-17T04:36:55+00:00 ERR (3): Notice: Array to string conversion  in /media/anonymous/My Passport/Magento Extensions/M1-protocol-gateway/app/code/community/MP/Gateway/Block/Form/Deposit.php on line 159
2016-06-17T04:36:55+00:00 ERR (3): Notice: Array to string conversion  in /media/anonymous/My Passport/Magento Extensions/M1-protocol-gateway/app/code/community/MP/Gateway/Block/Form/Deposit.php on line 159
2016-06-17T04:36:55+00:00 ERR (3): Notice: Array to string conversion  in /media/anonymous/My Passport/Magento Extensions/M1-protocol-gateway/app/code/community/MP/Gateway/Block/Form/Deposit.php on line 159
2016-06-17T04:37:01+00:00 ERR (3): Notice: Array to string conversion  in /media/anonymous/My Passport/Magento Extensions/M1-protocol-gateway/app/code/community/MP/Gateway/Block/Form/Deposit.php on line 159
2016-06-17T04:37:01+00:00 ERR (3): Notice: Array to string conversion  in /media/anonymous/My Passport/Magento Extensions/M1-protocol-gateway/app/code/community/MP/Gateway/Block/Form/Deposit.php on line 159
2016-06-17T04:37:01+00:00 ERR (3): Notice: Array to string conversion  in /media/anonymous/My Passport/Magento Extensions/M1-protocol-gateway/app/code/community/MP/Gateway/Block/Form/Deposit.php on line 159
2016-06-17T04:37:01+00:00 ERR (3): Notice: Array to string conversion  in /media/anonymous/My Passport/Magento Extensions/M1-protocol-gateway/app/code/community/MP/Gateway/Block/Form/Deposit.php on line 159
2016-06-17T04:37:01+00:00 ERR (3): Notice: Array to string conversion  in /media/anonymous/My Passport/Magento Extensions/M1-protocol-gateway/app/code/community/MP/Gateway/Block/Form/Deposit.php on line 159
2016-06-17T04:37:01+00:00 ERR (3): Notice: Array to string conversion  in /media/anonymous/My Passport/Magento Extensions/M1-protocol-gateway/app/code/community/MP/Gateway/Block/Form/Deposit.php on line 159
2016-06-17T04:37:01+00:00 ERR (3): Notice: Array to string conversion  in /media/anonymous/My Passport/Magento Extensions/M1-protocol-gateway/app/code/community/MP/Gateway/Block/Form/Deposit.php on line 159
2016-06-17T04:37:01+00:00 ERR (3): Notice: Array to string conversion  in /media/anonymous/My Passport/Magento Extensions/M1-protocol-gateway/app/code/community/MP/Gateway/Block/Form/Deposit.php on line 159
2016-06-17T04:37:01+00:00 ERR (3): Notice: Array to string conversion  in /media/anonymous/My Passport/Magento Extensions/M1-protocol-gateway/app/code/community/MP/Gateway/Block/Form/Deposit.php on line 159
2016-06-17T04:37:01+00:00 ERR (3): Notice: Array to string conversion  in /media/anonymous/My Passport/Magento Extensions/M1-protocol-gateway/app/code/community/MP/Gateway/Block/Form/Deposit.php on line 159
2016-06-17T04:37:01+00:00 ERR (3): Notice: Array to string conversion  in /media/anonymous/My Passport/Magento Extensions/M1-protocol-gateway/app/code/community/MP/Gateway/Block/Form/Deposit.php on line 159
2016-06-17T04:37:01+00:00 ERR (3): Notice: Array to string conversion  in /media/anonymous/My Passport/Magento Extensions/M1-protocol-gateway/app/code/community/MP/Gateway/Block/Form/Deposit.php on line 159
2016-06-17T04:38:15+00:00 ERR (3): Notice: Array to string conversion  in /media/anonymous/My Passport/Magento Extensions/M1-protocol-gateway/app/code/community/MP/Gateway/Block/Form/Deposit.php on line 159
2016-06-17T04:38:15+00:00 ERR (3): Notice: Array to string conversion  in /media/anonymous/My Passport/Magento Extensions/M1-protocol-gateway/app/code/community/MP/Gateway/Block/Form/Deposit.php on line 159
2016-06-17T04:38:15+00:00 ERR (3): Notice: Array to string conversion  in /media/anonymous/My Passport/Magento Extensions/M1-protocol-gateway/app/code/community/MP/Gateway/Block/Form/Deposit.php on line 159
2016-06-17T04:38:15+00:00 ERR (3): Notice: Array to string conversion  in /media/anonymous/My Passport/Magento Extensions/M1-protocol-gateway/app/code/community/MP/Gateway/Block/Form/Deposit.php on line 159
2016-06-17T04:38:15+00:00 ERR (3): Notice: Array to string conversion  in /media/anonymous/My Passport/Magento Extensions/M1-protocol-gateway/app/code/community/MP/Gateway/Block/Form/Deposit.php on line 159
2016-06-17T04:38:15+00:00 ERR (3): Notice: Array to string conversion  in /media/anonymous/My Passport/Magento Extensions/M1-protocol-gateway/app/code/community/MP/Gateway/Block/Form/Deposit.php on line 159
2016-06-17T04:38:15+00:00 ERR (3): Notice: Array to string conversion  in /media/anonymous/My Passport/Magento Extensions/M1-protocol-gateway/app/code/community/MP/Gateway/Block/Form/Deposit.php on line 159
2016-06-17T04:38:15+00:00 ERR (3): Notice: Array to string conversion  in /media/anonymous/My Passport/Magento Extensions/M1-protocol-gateway/app/code/community/MP/Gateway/Block/Form/Deposit.php on line 159
2016-06-17T04:38:15+00:00 ERR (3): Notice: Array to string conversion  in /media/anonymous/My Passport/Magento Extensions/M1-protocol-gateway/app/code/community/MP/Gateway/Block/Form/Deposit.php on line 159
2016-06-17T04:38:15+00:00 ERR (3): Notice: Array to string conversion  in /media/anonymous/My Passport/Magento Extensions/M1-protocol-gateway/app/code/community/MP/Gateway/Block/Form/Deposit.php on line 159
2016-06-17T04:38:15+00:00 ERR (3): Notice: Array to string conversion  in /media/anonymous/My Passport/Magento Extensions/M1-protocol-gateway/app/code/community/MP/Gateway/Block/Form/Deposit.php on line 159
2016-06-17T04:38:15+00:00 ERR (3): Notice: Array to string conversion  in /media/anonymous/My Passport/Magento Extensions/M1-protocol-gateway/app/code/community/MP/Gateway/Block/Form/Deposit.php on line 159
2016-06-17T04:56:44+00:00 ERR (3): Notice: Array to string conversion  in /media/anonymous/My Passport/Magento Extensions/M1-protocol-gateway/app/code/community/MP/Gateway/Block/Form/Deposit.php on line 159
2016-06-17T04:56:44+00:00 ERR (3): Notice: Array to string conversion  in /media/anonymous/My Passport/Magento Extensions/M1-protocol-gateway/app/code/community/MP/Gateway/Block/Form/Deposit.php on line 159
2016-06-17T04:56:44+00:00 ERR (3): Notice: Array to string conversion  in /media/anonymous/My Passport/Magento Extensions/M1-protocol-gateway/app/code/community/MP/Gateway/Block/Form/Deposit.php on line 159
2016-06-17T04:56:44+00:00 ERR (3): Notice: Array to string conversion  in /media/anonymous/My Passport/Magento Extensions/M1-protocol-gateway/app/code/community/MP/Gateway/Block/Form/Deposit.php on line 159
2016-06-17T04:56:44+00:00 ERR (3): Notice: Array to string conversion  in /media/anonymous/My Passport/Magento Extensions/M1-protocol-gateway/app/code/community/MP/Gateway/Block/Form/Deposit.php on line 159
2016-06-17T04:56:44+00:00 ERR (3): Notice: Array to string conversion  in /media/anonymous/My Passport/Magento Extensions/M1-protocol-gateway/app/code/community/MP/Gateway/Block/Form/Deposit.php on line 159
2016-06-17T04:56:44+00:00 ERR (3): Notice: Array to string conversion  in /media/anonymous/My Passport/Magento Extensions/M1-protocol-gateway/app/code/community/MP/Gateway/Block/Form/Deposit.php on line 159
2016-06-17T04:56:44+00:00 ERR (3): Notice: Array to string conversion  in /media/anonymous/My Passport/Magento Extensions/M1-protocol-gateway/app/code/community/MP/Gateway/Block/Form/Deposit.php on line 159
2016-06-17T04:56:44+00:00 ERR (3): Notice: Array to string conversion  in /media/anonymous/My Passport/Magento Extensions/M1-protocol-gateway/app/code/community/MP/Gateway/Block/Form/Deposit.php on line 159
2016-06-17T04:56:44+00:00 ERR (3): Notice: Array to string conversion  in /media/anonymous/My Passport/Magento Extensions/M1-protocol-gateway/app/code/community/MP/Gateway/Block/Form/Deposit.php on line 159
2016-06-17T04:56:44+00:00 ERR (3): Notice: Array to string conversion  in /media/anonymous/My Passport/Magento Extensions/M1-protocol-gateway/app/code/community/MP/Gateway/Block/Form/Deposit.php on line 159
2016-06-17T04:56:44+00:00 ERR (3): Notice: Array to string conversion  in /media/anonymous/My Passport/Magento Extensions/M1-protocol-gateway/app/code/community/MP/Gateway/Block/Form/Deposit.php on line 159
2016-06-17T04:56:58+00:00 ERR (3): Notice: Array to string conversion  in /media/anonymous/My Passport/Magento Extensions/M1-protocol-gateway/app/code/community/MP/Gateway/Block/Form/Deposit.php on line 159
2016-06-17T04:56:58+00:00 ERR (3): Notice: Array to string conversion  in /media/anonymous/My Passport/Magento Extensions/M1-protocol-gateway/app/code/community/MP/Gateway/Block/Form/Deposit.php on line 159
2016-06-17T04:56:58+00:00 ERR (3): Notice: Array to string conversion  in /media/anonymous/My Passport/Magento Extensions/M1-protocol-gateway/app/code/community/MP/Gateway/Block/Form/Deposit.php on line 159
2016-06-17T04:56:58+00:00 ERR (3): Notice: Array to string conversion  in /media/anonymous/My Passport/Magento Extensions/M1-protocol-gateway/app/code/community/MP/Gateway/Block/Form/Deposit.php on line 159
2016-06-17T04:56:58+00:00 ERR (3): Notice: Array to string conversion  in /media/anonymous/My Passport/Magento Extensions/M1-protocol-gateway/app/code/community/MP/Gateway/Block/Form/Deposit.php on line 159
2016-06-17T04:56:58+00:00 ERR (3): Notice: Array to string conversion  in /media/anonymous/My Passport/Magento Extensions/M1-protocol-gateway/app/code/community/MP/Gateway/Block/Form/Deposit.php on line 159
2016-06-17T04:56:58+00:00 ERR (3): Notice: Array to string conversion  in /media/anonymous/My Passport/Magento Extensions/M1-protocol-gateway/app/code/community/MP/Gateway/Block/Form/Deposit.php on line 159
2016-06-17T04:56:58+00:00 ERR (3): Notice: Array to string conversion  in /media/anonymous/My Passport/Magento Extensions/M1-protocol-gateway/app/code/community/MP/Gateway/Block/Form/Deposit.php on line 159
2016-06-17T04:56:58+00:00 ERR (3): Notice: Array to string conversion  in /media/anonymous/My Passport/Magento Extensions/M1-protocol-gateway/app/code/community/MP/Gateway/Block/Form/Deposit.php on line 159
2016-06-17T04:56:58+00:00 ERR (3): Notice: Array to string conversion  in /media/anonymous/My Passport/Magento Extensions/M1-protocol-gateway/app/code/community/MP/Gateway/Block/Form/Deposit.php on line 159
2016-06-17T04:56:58+00:00 ERR (3): Notice: Array to string conversion  in /media/anonymous/My Passport/Magento Extensions/M1-protocol-gateway/app/code/community/MP/Gateway/Block/Form/Deposit.php on line 159
2016-06-17T04:56:58+00:00 ERR (3): Notice: Array to string conversion  in /media/anonymous/My Passport/Magento Extensions/M1-protocol-gateway/app/code/community/MP/Gateway/Block/Form/Deposit.php on line 159
2016-06-17T05:11:17+00:00 ERR (3): Notice: Array to string conversion  in /media/anonymous/My Passport/Magento Extensions/M1-protocol-gateway/app/code/community/MP/Gateway/Block/Form/Deposit.php on line 159
2016-06-17T05:11:17+00:00 ERR (3): Notice: Array to string conversion  in /media/anonymous/My Passport/Magento Extensions/M1-protocol-gateway/app/code/community/MP/Gateway/Block/Form/Deposit.php on line 159
2016-06-17T05:11:17+00:00 ERR (3): Notice: Array to string conversion  in /media/anonymous/My Passport/Magento Extensions/M1-protocol-gateway/app/code/community/MP/Gateway/Block/Form/Deposit.php on line 159
2016-06-17T05:11:17+00:00 ERR (3): Notice: Array to string conversion  in /media/anonymous/My Passport/Magento Extensions/M1-protocol-gateway/app/code/community/MP/Gateway/Block/Form/Deposit.php on line 159
2016-06-17T05:11:17+00:00 ERR (3): Notice: Array to string conversion  in /media/anonymous/My Passport/Magento Extensions/M1-protocol-gateway/app/code/community/MP/Gateway/Block/Form/Deposit.php on line 159
2016-06-17T05:11:17+00:00 ERR (3): Notice: Array to string conversion  in /media/anonymous/My Passport/Magento Extensions/M1-protocol-gateway/app/code/community/MP/Gateway/Block/Form/Deposit.php on line 159
2016-06-17T05:11:17+00:00 ERR (3): Notice: Array to string conversion  in /media/anonymous/My Passport/Magento Extensions/M1-protocol-gateway/app/code/community/MP/Gateway/Block/Form/Deposit.php on line 159
2016-06-17T05:11:17+00:00 ERR (3): Notice: Array to string conversion  in /media/anonymous/My Passport/Magento Extensions/M1-protocol-gateway/app/code/community/MP/Gateway/Block/Form/Deposit.php on line 159
2016-06-17T05:11:17+00:00 ERR (3): Notice: Array to string conversion  in /media/anonymous/My Passport/Magento Extensions/M1-protocol-gateway/app/code/community/MP/Gateway/Block/Form/Deposit.php on line 159
2016-06-17T05:11:17+00:00 ERR (3): Notice: Array to string conversion  in /media/anonymous/My Passport/Magento Extensions/M1-protocol-gateway/app/code/community/MP/Gateway/Block/Form/Deposit.php on line 159
2016-06-17T05:11:17+00:00 ERR (3): Notice: Array to string conversion  in /media/anonymous/My Passport/Magento Extensions/M1-protocol-gateway/app/code/community/MP/Gateway/Block/Form/Deposit.php on line 159
2016-06-17T05:11:17+00:00 ERR (3): Notice: Array to string conversion  in /media/anonymous/My Passport/Magento Extensions/M1-protocol-gateway/app/code/community/MP/Gateway/Block/Form/Deposit.php on line 159
2016-06-17T05:11:17+00:00 ERR (3): User Error: Some transactions have not been committed or rolled back  in /media/anonymous/My Passport/Magento Extensions/M1-protocol-gateway/lib/Varien/Db/Adapter/Pdo/Mysql.php on line 4039
2016-06-17T05:13:02+00:00 ERR (3): Notice: Array to string conversion  in /media/anonymous/My Passport/Magento Extensions/M1-protocol-gateway/app/code/community/MP/Gateway/Block/Form/Deposit.php on line 159
2016-06-17T05:13:02+00:00 ERR (3): Notice: Array to string conversion  in /media/anonymous/My Passport/Magento Extensions/M1-protocol-gateway/app/code/community/MP/Gateway/Block/Form/Deposit.php on line 159
2016-06-17T05:13:02+00:00 ERR (3): Notice: Array to string conversion  in /media/anonymous/My Passport/Magento Extensions/M1-protocol-gateway/app/code/community/MP/Gateway/Block/Form/Deposit.php on line 159
2016-06-17T05:13:02+00:00 ERR (3): Notice: Array to string conversion  in /media/anonymous/My Passport/Magento Extensions/M1-protocol-gateway/app/code/community/MP/Gateway/Block/Form/Deposit.php on line 159
2016-06-17T05:13:02+00:00 ERR (3): Notice: Array to string conversion  in /media/anonymous/My Passport/Magento Extensions/M1-protocol-gateway/app/code/community/MP/Gateway/Block/Form/Deposit.php on line 159
2016-06-17T05:13:02+00:00 ERR (3): Notice: Array to string conversion  in /media/anonymous/My Passport/Magento Extensions/M1-protocol-gateway/app/code/community/MP/Gateway/Block/Form/Deposit.php on line 159
2016-06-17T05:13:02+00:00 ERR (3): Notice: Array to string conversion  in /media/anonymous/My Passport/Magento Extensions/M1-protocol-gateway/app/code/community/MP/Gateway/Block/Form/Deposit.php on line 159
2016-06-17T05:13:02+00:00 ERR (3): Notice: Array to string conversion  in /media/anonymous/My Passport/Magento Extensions/M1-protocol-gateway/app/code/community/MP/Gateway/Block/Form/Deposit.php on line 159
2016-06-17T05:13:02+00:00 ERR (3): Notice: Array to string conversion  in /media/anonymous/My Passport/Magento Extensions/M1-protocol-gateway/app/code/community/MP/Gateway/Block/Form/Deposit.php on line 159
2016-06-17T05:13:02+00:00 ERR (3): Notice: Array to string conversion  in /media/anonymous/My Passport/Magento Extensions/M1-protocol-gateway/app/code/community/MP/Gateway/Block/Form/Deposit.php on line 159
2016-06-17T05:13:02+00:00 ERR (3): Notice: Array to string conversion  in /media/anonymous/My Passport/Magento Extensions/M1-protocol-gateway/app/code/community/MP/Gateway/Block/Form/Deposit.php on line 159
2016-06-17T05:13:02+00:00 ERR (3): Notice: Array to string conversion  in /media/anonymous/My Passport/Magento Extensions/M1-protocol-gateway/app/code/community/MP/Gateway/Block/Form/Deposit.php on line 159
2016-06-17T05:13:02+00:00 ERR (3): User Error: Some transactions have not been committed or rolled back  in /media/anonymous/My Passport/Magento Extensions/M1-protocol-gateway/lib/Varien/Db/Adapter/Pdo/Mysql.php on line 4039
2016-06-17T05:13:15+00:00 ERR (3): Notice: Array to string conversion  in /media/anonymous/My Passport/Magento Extensions/M1-protocol-gateway/app/code/community/MP/Gateway/Block/Form/Deposit.php on line 159
2016-06-17T05:13:15+00:00 ERR (3): Notice: Array to string conversion  in /media/anonymous/My Passport/Magento Extensions/M1-protocol-gateway/app/code/community/MP/Gateway/Block/Form/Deposit.php on line 159
2016-06-17T05:13:15+00:00 ERR (3): Notice: Array to string conversion  in /media/anonymous/My Passport/Magento Extensions/M1-protocol-gateway/app/code/community/MP/Gateway/Block/Form/Deposit.php on line 159
2016-06-17T05:13:15+00:00 ERR (3): Notice: Array to string conversion  in /media/anonymous/My Passport/Magento Extensions/M1-protocol-gateway/app/code/community/MP/Gateway/Block/Form/Deposit.php on line 159
2016-06-17T05:13:15+00:00 ERR (3): Notice: Array to string conversion  in /media/anonymous/My Passport/Magento Extensions/M1-protocol-gateway/app/code/community/MP/Gateway/Block/Form/Deposit.php on line 159
2016-06-17T05:13:15+00:00 ERR (3): Notice: Array to string conversion  in /media/anonymous/My Passport/Magento Extensions/M1-protocol-gateway/app/code/community/MP/Gateway/Block/Form/Deposit.php on line 159
2016-06-17T05:13:15+00:00 ERR (3): Notice: Array to string conversion  in /media/anonymous/My Passport/Magento Extensions/M1-protocol-gateway/app/code/community/MP/Gateway/Block/Form/Deposit.php on line 159
2016-06-17T05:13:15+00:00 ERR (3): Notice: Array to string conversion  in /media/anonymous/My Passport/Magento Extensions/M1-protocol-gateway/app/code/community/MP/Gateway/Block/Form/Deposit.php on line 159
2016-06-17T05:13:15+00:00 ERR (3): Notice: Array to string conversion  in /media/anonymous/My Passport/Magento Extensions/M1-protocol-gateway/app/code/community/MP/Gateway/Block/Form/Deposit.php on line 159
2016-06-17T05:13:15+00:00 ERR (3): Notice: Array to string conversion  in /media/anonymous/My Passport/Magento Extensions/M1-protocol-gateway/app/code/community/MP/Gateway/Block/Form/Deposit.php on line 159
2016-06-17T05:13:15+00:00 ERR (3): Notice: Array to string conversion  in /media/anonymous/My Passport/Magento Extensions/M1-protocol-gateway/app/code/community/MP/Gateway/Block/Form/Deposit.php on line 159
2016-06-17T05:13:15+00:00 ERR (3): Notice: Array to string conversion  in /media/anonymous/My Passport/Magento Extensions/M1-protocol-gateway/app/code/community/MP/Gateway/Block/Form/Deposit.php on line 159
2016-06-17T05:13:15+00:00 ERR (3): User Error: Some transactions have not been committed or rolled back  in /media/anonymous/My Passport/Magento Extensions/M1-protocol-gateway/lib/Varien/Db/Adapter/Pdo/Mysql.php on line 4039
